<?xml version="1.0" encoding="UTF-8"?>
<!-- Generated by org.testng.reporters.JUnitXMLReporter -->
<testsuite ignored="0" hostname="DESKTOP-UUR6U1P" failures="3" tests="11" name="Test" time="169.936" errors="0" timestamp="2023-02-03T19:28:07 IST">
  <testcase classname="com.bankingprojhybridfw.NewCustomerPageTest" name="clickOnSubmitButton" time="0.151">
    <failure type="java.lang.Error" message="Unresolved compilation problem: 
	The method newCustomerName(String, String, String, String, String, String, String, String, String) in the type NewCustomerPagePom is not applicable for the arguments (String)
">
      <![CDATA[java.lang.Error: Unresolved compilation problem: 
The method newCustomerName(String, String, String, String, String, String, String, String, String) in the type NewCustomerPagePom is not applicable for the arguments (String)

at com.bankingprojhybridfw.NewCustomerPageTest.clickOnSubmitButton(NewCustomerPageTest.java:53)
at java.base/java.util.ArrayList.forEach(ArrayList.java:1511)
... Removed 27 stack frames]]>
    </failure>
  </testcase> <!-- clickOnSubmitButton -->
  <testcase classname="com.bankingprojhybridfw.LoginPageTest" name="testTitle" time="5.014"/>
  <testcase classname="com.bankingprojhybridfw.LoginPageTest" name="testUrl" time="0.164"/>
  <testcase classname="com.bankingprojhybridfw.LoginPageTest" name="testResetButton" time="2.307"/>
  <testcase classname="com.bankingprojhybridfw.LoginPageTest" name="testResetButton" time="1.207"/>
  <testcase classname="com.bankingprojhybridfw.LoginPageTest" name="testResetButton" time="1.141"/>
  <testcase classname="com.bankingprojhybridfw.LoginPageTest" name="testBlankCrediantials" time="1.676"/>
  <testcase classname="com.bankingprojhybridfw.LoginPageTest" name="testLoginButton" time="44.767"/>
  <testcase classname="com.bankingprojhybridfw.HomePageTest" name="getUrl" time="0.191">
    <failure type="java.lang.AssertionError" message="expected [https://demo.guru99.com/1] but found [https://demo.guru99.com/V1/index.php]">
      <![CDATA[java.lang.AssertionError: expected [https://demo.guru99.com/1] but found [https://demo.guru99.com/V1/index.php]
at com.bankingprojhybridfw.HomePageTest.getUrl(HomePageTest.java:42)
at java.base/java.util.ArrayList.forEach(ArrayList.java:1511)
... Removed 33 stack frames]]>
    </failure>
  </testcase> <!-- getUrl -->
  <testcase classname="com.bankingprojhybridfw.HomePageTest" name="testGetCredentials" time="19.993"/>
  <testcase classname="com.bankingprojhybridfw.BankManagerHomeTest" name="testClickonNewCustomer" time="20.187">
    <failure type="org.openqa.selenium.NoSuchElementException" message="no such element: Unable to locate element: {&amp;quot;method&amp;quot;:&amp;quot;link text&amp;quot;,&amp;quot;selector&amp;quot;:&amp;quot;New Customer&amp;quot;}
  (Session info: chrome=109.0.5414.120)
For documentation on this error, please visit: https://selenium.dev/exceptions/#no_such_element
Build info: version: &amp;apos;4.7.2&amp;apos;, revision: &amp;apos;4d4020c3b7&amp;apos;
System info: os.name: &amp;apos;Windows 10&amp;apos;, os.arch: &amp;apos;amd64&amp;apos;, os.version: &amp;apos;10.0&amp;apos;, java.version: &amp;apos;17.0.5&amp;apos;
Driver info: org.openqa.selenium.chrome.ChromeDriver
Command: [7e5762a7851e855bf9a9a4c866e3147f, findElement {using=link text, value=New Customer}]
Capabilities {acceptInsecureCerts: false, browserName: chrome, browserVersion: 109.0.5414.120, chrome: {chromedriverVersion: 109.0.5414.74 (e7c5703604da..., userDataDir: C:\Users\kk\AppData\Local\T...}, goog:chromeOptions: {debuggerAddress: localhost:51175}, networkConnectionEnabled: false, pageLoadStrategy: normal, platformName: WINDOWS, proxy: Proxy(), se:cdp: ws://localhost:51175/devtoo..., se:cdpVersion: 109.0.5414.120, setWindowRect: true, strictFileInteractability: false, timeouts: {implicit: 0, pageLoad: 300000, script: 30000}, unhandledPromptBehavior: dismiss and notify, webauthn:extension:credBlob: true, webauthn:extension:largeBlob: true, webauthn:virtualAuthenticators: true}
Session ID: 7e5762a7851e855bf9a9a4c866e3147f">
      <![CDATA[org.openqa.selenium.NoSuchElementException: no such element: Unable to locate element: {"method":"link text","selector":"New Customer"}
  (Session info: chrome=109.0.5414.120)
For documentation on this error, please visit: https://selenium.dev/exceptions/#no_such_element
Build info: version: '4.7.2', revision: '4d4020c3b7'
System info: os.name: 'Windows 10', os.arch: 'amd64', os.version: '10.0', java.version: '17.0.5'
Driver info: org.openqa.selenium.chrome.ChromeDriver
Command: [7e5762a7851e855bf9a9a4c866e3147f, findElement {using=link text, value=New Customer}]
Capabilities {acceptInsecureCerts: false, browserName: chrome, browserVersion: 109.0.5414.120, chrome: {chromedriverVersion: 109.0.5414.74 (e7c5703604da..., userDataDir: C:\Users\kk\AppData\Local\T...}, goog:chromeOptions: {debuggerAddress: localhost:51175}, networkConnectionEnabled: false, pageLoadStrategy: normal, platformName: WINDOWS, proxy: Proxy(), se:cdp: ws://localhost:51175/devtoo..., se:cdpVersion: 109.0.5414.120, setWindowRect: true, strictFileInteractability: false, timeouts: {implicit: 0, pageLoad: 300000, script: 30000}, unhandledPromptBehavior: dismiss and notify, webauthn:extension:credBlob: true, webauthn:extension:largeBlob: true, webauthn:virtualAuthenticators: true}
Session ID: 7e5762a7851e855bf9a9a4c866e3147f
at org.openqa.selenium.remote.codec.w3c.W3CHttpResponseCodec.createException(W3CHttpResponseCodec.java:200)
at org.openqa.selenium.remote.codec.w3c.W3CHttpResponseCodec.decode(W3CHttpResponseCodec.java:133)
at org.openqa.selenium.remote.codec.w3c.W3CHttpResponseCodec.decode(W3CHttpResponseCodec.java:53)
at org.openqa.selenium.remote.HttpCommandExecutor.execute(HttpCommandExecutor.java:184)
at org.openqa.selenium.remote.service.DriverCommandExecutor.invokeExecute(DriverCommandExecutor.java:167)
at org.openqa.selenium.remote.service.DriverCommandExecutor.execute(DriverCommandExecutor.java:142)
at org.openqa.selenium.remote.RemoteWebDriver.execute(RemoteWebDriver.java:535)
at org.openqa.selenium.remote.ElementLocation$ElementFinder$2.findElement(ElementLocation.java:162)
at org.openqa.selenium.remote.ElementLocation.findElement(ElementLocation.java:60)
at org.openqa.selenium.remote.RemoteWebDriver.findElement(RemoteWebDriver.java:351)
at org.openqa.selenium.remote.RemoteWebDriver.findElement(RemoteWebDriver.java:343)
at org.openqa.selenium.support.pagefactory.DefaultElementLocator.findElement(DefaultElementLocator.java:70)
at org.openqa.selenium.support.pagefactory.internal.LocatingElementHandler.invoke(LocatingElementHandler.java:39)
at jdk.proxy2/jdk.proxy2.$Proxy17.click(Unknown Source)
at com.bankingprojhybridfw.pom.BankManagerHomePagePom.clickOnNewCustomer(BankManagerHomePagePom.java:55)
at com.bankingprojhybridfw.BankManagerHomeTest.testClickonNewCustomer(BankManagerHomeTest.java:32)
at java.base/java.util.ArrayList.forEach(ArrayList.java:1511)
... Removed 32 stack frames]]>
    </failure>
  </testcase> <!-- testClickonNewCustomer -->
</testsuite> <!-- Test -->
