<?xml version="1.0" encoding="UTF-8"?>
<testng-results ignored="0" total="6" passed="5" failed="1" skipped="0">
  <reporter-output>
  </reporter-output>
  <suite started-at="2023-02-04T00:56:03 IST" name="Default suite" finished-at="2023-02-04T00:56:58 IST" duration-ms="54669">
    <groups>
    </groups>
    <test started-at="2023-02-04T00:56:03 IST" name="Default test" finished-at="2023-02-04T00:56:58 IST" duration-ms="54669">
      <class name="com.bankingprojhybridfw.LoginPageTest">
        <test-method is-config="true" signature="setUp()[pri:0, instance:com.bankingprojhybridfw.LoginPageTest@3c77d488]" started-at="2023-02-04T00:56:04 IST" name="setUp" finished-at="2023-02-04T00:56:20 IST" duration-ms="16381" status="PASS">
          <reporter-output>
          </reporter-output>
        </test-method> <!-- setUp -->
        <test-method signature="testTitle()[pri:-1, instance:com.bankingprojhybridfw.LoginPageTest@3c77d488]" started-at="2023-02-04T00:56:20 IST" name="testTitle" finished-at="2023-02-04T00:56:21 IST" duration-ms="1323" status="FAIL">
          <exception class="java.lang.AssertionError">
            <message>
              <![CDATA[expected [GTPL Bank Home Page!] but found [GTPL Bank Home Page]]]>
            </message>
            <full-stacktrace>
              <![CDATA[java.lang.AssertionError: expected [GTPL Bank Home Page!] but found [GTPL Bank Home Page]
at org.testng.Assert.fail(Assert.java:110)
at org.testng.Assert.failNotEquals(Assert.java:1577)
at org.testng.Assert.assertEqualsImpl(Assert.java:149)
at org.testng.Assert.assertEquals(Assert.java:131)
at org.testng.Assert.assertEquals(Assert.java:655)
at org.testng.Assert.assertEquals(Assert.java:665)
at com.bankingprojhybridfw.LoginPageTest.testTitle(LoginPageTest.java:68)
at java.base/jdk.internal.reflect.NativeMethodAccessorImpl.invoke0(Native Method)
at java.base/jdk.internal.reflect.NativeMethodAccessorImpl.invoke(NativeMethodAccessorImpl.java:77)
at java.base/jdk.internal.reflect.DelegatingMethodAccessorImpl.invoke(DelegatingMethodAccessorImpl.java:43)
at java.base/java.lang.reflect.Method.invoke(Method.java:568)
at org.testng.internal.invokers.MethodInvocationHelper.invokeMethod(MethodInvocationHelper.java:139)
at org.testng.internal.invokers.TestInvoker.invokeMethod(TestInvoker.java:677)
at org.testng.internal.invokers.TestInvoker.invokeTestMethod(TestInvoker.java:221)
at org.testng.internal.invokers.MethodRunner.runInSequence(MethodRunner.java:50)
at org.testng.internal.invokers.TestInvoker$MethodInvocationAgent.invoke(TestInvoker.java:969)
at org.testng.internal.invokers.TestInvoker.invokeTestMethods(TestInvoker.java:194)
at org.testng.internal.invokers.TestMethodWorker.invokeTestMethods(TestMethodWorker.java:148)
at org.testng.internal.invokers.TestMethodWorker.run(TestMethodWorker.java:128)
at java.base/java.util.ArrayList.forEach(ArrayList.java:1511)
at org.testng.TestRunner.privateRun(TestRunner.java:829)
at org.testng.TestRunner.run(TestRunner.java:602)
at org.testng.SuiteRunner.runTest(SuiteRunner.java:437)
at org.testng.SuiteRunner.runSequentially(SuiteRunner.java:431)
at org.testng.SuiteRunner.privateRun(SuiteRunner.java:391)
at org.testng.SuiteRunner.run(SuiteRunner.java:330)
at org.testng.SuiteRunnerWorker.runSuite(SuiteRunnerWorker.java:52)
at org.testng.SuiteRunnerWorker.run(SuiteRunnerWorker.java:95)
at org.testng.TestNG.runSuitesSequentially(TestNG.java:1256)
at org.testng.TestNG.runSuitesLocally(TestNG.java:1176)
at org.testng.TestNG.runSuites(TestNG.java:1099)
at org.testng.TestNG.run(TestNG.java:1067)
at org.testng.remote.AbstractRemoteTestNG.run(AbstractRemoteTestNG.java:115)
at org.testng.remote.RemoteTestNG.initAndRun(RemoteTestNG.java:251)
at org.testng.remote.RemoteTestNG.main(RemoteTestNG.java:77)
]]>
            </full-stacktrace>
          </exception> <!-- java.lang.AssertionError -->
          <reporter-output>
          </reporter-output>
        </test-method> <!-- testTitle -->
        <test-method signature="testUrl()[pri:0, instance:com.bankingprojhybridfw.LoginPageTest@3c77d488]" started-at="2023-02-04T00:56:22 IST" name="testUrl" finished-at="2023-02-04T00:56:22 IST" duration-ms="41" status="PASS">
          <reporter-output>
          </reporter-output>
        </test-method> <!-- testUrl -->
        <test-method signature="testResetButton()[pri:1, instance:com.bankingprojhybridfw.LoginPageTest@3c77d488]" started-at="2023-02-04T00:56:23 IST" name="testResetButton" finished-at="2023-02-04T00:56:25 IST" duration-ms="1749" status="PASS">
          <reporter-output>
          </reporter-output>
        </test-method> <!-- testResetButton -->
        <test-method signature="testResetButton()[pri:1, instance:com.bankingprojhybridfw.LoginPageTest@3c77d488]" started-at="2023-02-04T00:56:26 IST" name="testResetButton" finished-at="2023-02-04T00:56:27 IST" duration-ms="886" status="PASS">
          <reporter-output>
          </reporter-output>
        </test-method> <!-- testResetButton -->
        <test-method signature="testBlankCrediantials()[pri:0, instance:com.bankingprojhybridfw.LoginPageTest@3c77d488]" started-at="2023-02-04T00:56:27 IST" name="testBlankCrediantials" finished-at="2023-02-04T00:56:28 IST" depends-on-methods="com.bankingprojhybridfw.LoginPageTest.testResetButton" duration-ms="910" status="PASS">
          <reporter-output>
          </reporter-output>
        </test-method> <!-- testBlankCrediantials -->
        <test-method signature="testLoginButton()[pri:2, instance:com.bankingprojhybridfw.LoginPageTest@3c77d488]" started-at="2023-02-04T00:56:29 IST" name="testLoginButton" finished-at="2023-02-04T00:56:49 IST" duration-ms="19723" status="PASS">
          <reporter-output>
          </reporter-output>
        </test-method> <!-- testLoginButton -->
        <test-method is-config="true" signature="tearDown()[pri:0, instance:com.bankingprojhybridfw.LoginPageTest@3c77d488]" started-at="2023-02-04T00:56:50 IST" name="tearDown" finished-at="2023-02-04T00:56:58 IST" duration-ms="8248" status="PASS">
          <reporter-output>
          </reporter-output>
        </test-method> <!-- tearDown -->
      </class> <!-- com.bankingprojhybridfw.LoginPageTest -->
    </test> <!-- Default test -->
  </suite> <!-- Default suite -->
</testng-results>
